{"/Users/gonzalo.vidal/Documents/reto-reactjs-banco-pichincha/config/css.js": {"path":"/Users/gonzalo.vidal/Documents/reto-reactjs-banco-pichincha/config/css.js","statementMap":{"0":{"start":{"line":1,"column":0},"end":{"line":1,"column":20}}},"fnMap":{},"branchMap":{},"s":{"0":1},"f":{},"b":{},"_coverageSchema":"1a1c01bbd47fc00a2c39e90264f33305004495a9","hash":"4c06338e3e29b4c109da6624a15d409f96f917db"}
,"/Users/gonzalo.vidal/Documents/reto-reactjs-banco-pichincha/src/components/Header/Header.jsx": {"path":"/Users/gonzalo.vidal/Documents/reto-reactjs-banco-pichincha/src/components/Header/Header.jsx","statementMap":{"0":{"start":{"line":5,"column":22},"end":{"line":11,"column":1}},"1":{"start":{"line":6,"column":2},"end":{"line":10,"column":4}},"2":{"start":{"line":13,"column":0},"end":{"line":15,"column":2}}},"fnMap":{"0":{"name":"(anonymous_0)","decl":{"start":{"line":5,"column":22},"end":{"line":5,"column":23}},"loc":{"start":{"line":5,"column":33},"end":{"line":11,"column":1}},"line":5}},"branchMap":{},"s":{"0":1,"1":1,"2":1},"f":{"0":1},"b":{},"_coverageSchema":"1a1c01bbd47fc00a2c39e90264f33305004495a9","hash":"5eedca1c78401a71c5f349faa3be5e05d2301914"}
,"/Users/gonzalo.vidal/Documents/reto-reactjs-banco-pichincha/src/components/SearchBar/SearchBar.jsx": {"path":"/Users/gonzalo.vidal/Documents/reto-reactjs-banco-pichincha/src/components/SearchBar/SearchBar.jsx","statementMap":{"0":{"start":{"line":5,"column":25},"end":{"line":12,"column":1}},"1":{"start":{"line":6,"column":2},"end":{"line":11,"column":4}},"2":{"start":{"line":14,"column":0},"end":{"line":16,"column":2}}},"fnMap":{"0":{"name":"(anonymous_0)","decl":{"start":{"line":5,"column":25},"end":{"line":5,"column":26}},"loc":{"start":{"line":5,"column":36},"end":{"line":12,"column":1}},"line":5}},"branchMap":{},"s":{"0":1,"1":1,"2":1},"f":{"0":1},"b":{},"_coverageSchema":"1a1c01bbd47fc00a2c39e90264f33305004495a9","hash":"b8a896665c410308a777f0334d8b6371a7a55dd7"}
,"/Users/gonzalo.vidal/Documents/reto-reactjs-banco-pichincha/src/components/SearchBar/index.js": {"path":"/Users/gonzalo.vidal/Documents/reto-reactjs-banco-pichincha/src/components/SearchBar/index.js","statementMap":{},"fnMap":{},"branchMap":{},"s":{},"f":{},"b":{},"_coverageSchema":"1a1c01bbd47fc00a2c39e90264f33305004495a9","hash":"38efe6fe8d6555c7a56088898c4b8042109b2ace"}
}
